Started at 금 4월 12 02:12:21 UTC 2024
Processing first-pipeline
Offering first-pipeline to Project Build Discarder
Processing free-first-project
Offering free-first-project to Project Build Discarder
Finished at 금 4월 12 02:12:21 UTC 2024. 23ms
Started at 금 4월 12 03:12:21 UTC 2024
Processing first-pipeline
Offering first-pipeline to Project Build Discarder
Processing free-first-project
Offering free-first-project to Project Build Discarder
Finished at 금 4월 12 03:12:21 UTC 2024. 22ms
Started at 금 4월 12 04:12:21 UTC 2024
Processing first-pipeline
Offering first-pipeline to Project Build Discarder
Processing free-first-project
Offering free-first-project to Project Build Discarder
Finished at 금 4월 12 04:12:21 UTC 2024. 19ms
Started at 금 4월 12 05:12:21 UTC 2024
Processing first-pipeline
Offering first-pipeline to Project Build Discarder
Processing free-first-project
Offering free-first-project to Project Build Discarder
Finished at 금 4월 12 05:12:21 UTC 2024. 17ms
